SF:lib/characters/new_character.dart
DA:16,1
DA:17,1
DA:45,1
DA:46,1
DA:48,0
DA:49,0
DA:50,0
DA:51,0
DA:55,0
DA:56,1
DA:61,1
DA:62,1
DA:64,0
DA:65,0
DA:68,0
DA:69,1
DA:74,1
DA:76,1
DA:77,2
DA:78,1
DA:79,1
DA:80,1
DA:82,1
DA:84,1
DA:85,2
DA:86,2
DA:103,2
DA:104,2
DA:105,2
DA:106,2
DA:107,2
DA:108,2
DA:109,2
DA:110,2
LF:34
LH:26
end_of_record
SF:lib/services/vibrate.dart
DA:6,1
DA:7,1
DA:8,2
DA:9,1
DA:10,2
DA:11,1
DA:12,2
DA:13,1
DA:14,2
DA:15,1
DA:16,2
DA:17,1
DA:20,2
DA:21,2
DA:22,4
DA:23,2
DA:24,4
DA:25,2
DA:26,4
DA:27,4
DA:28,4
DA:29,2
DA:30,4
DA:31,2
DA:32,4
DA:33,4
DA:34,4
DA:35,2
DA:36,4
DA:37,2
DA:38,4
DA:39,2
DA:42,1
DA:43,1
DA:44,2
DA:45,1
DA:46,2
DA:47,1
DA:48,2
DA:49,1
DA:50,2
DA:51,1
DA:52,2
DA:53,1
DA:54,2
DA:55,1
DA:56,2
DA:57,1
DA:58,2
DA:59,1
DA:60,2
DA:61,1
DA:62,2
DA:63,1
DA:64,2
DA:65,1
DA:66,2
DA:67,1
DA:68,2
DA:69,1
DA:70,2
DA:71,1
DA:72,2
DA:73,1
DA:74,2
DA:75,1
DA:76,2
DA:77,1
DA:78,2
DA:79,1
DA:80,2
DA:81,1
DA:82,2
DA:83,1
DA:84,2
DA:85,1
DA:86,2
DA:87,1
DA:88,2
DA:89,1
DA:90,2
DA:91,1
DA:92,2
DA:93,1
DA:94,2
DA:95,1
DA:96,2
DA:97,1
DA:98,2
DA:99,1
LF:90
LH:90
end_of_record
SF:lib/authwrapper.dart
DA:10,2
DA:14,2
DA:17,2
DA:20,3
DA:22,3
DA:24,1
LF:6
LH:6
end_of_record
SF:lib/selectmodepage.dart
DA:11,4
DA:14,2
DA:15,2
DA:19,2
DA:21,2
DA:22,2
DA:23,2
DA:24,2
DA:25,2
DA:27,2
DA:28,2
DA:29,0
DA:30,0
DA:31,0
DA:33,0
DA:36,2
DA:37,2
DA:44,2
DA:45,2
DA:48,2
DA:49,2
DA:50,2
DA:51,2
DA:52,2
DA:53,2
DA:54,1
DA:55,2
DA:56,1
DA:58,1
DA:69,2
DA:70,2
DA:72,2
DA:73,2
DA:74,0
DA:75,0
DA:76,0
DA:79,0
DA:82,2
DA:83,2
DA:90,2
DA:91,2
DA:92,2
DA:93,2
DA:96,2
DA:97,2
DA:98,2
DA:99,2
DA:100,1
DA:101,2
DA:102,1
DA:105,1
LF:51
LH:43
end_of_record
SF:lib/homepage.dart
DA:11,2
DA:13,1
DA:14,1
DA:36,1
DA:38,1
DA:39,1
DA:40,1
DA:42,1
DA:43,1
DA:45,1
DA:46,1
DA:47,1
DA:48,1
DA:49,1
DA:52,1
DA:54,1
DA:56,1
DA:66,1
DA:67,2
DA:68,1
DA:72,1
DA:73,1
DA:77,1
DA:78,1
DA:80,1
DA:81,1
DA:82,0
DA:89,1
DA:90,1
DA:92,1
DA:94,1
DA:96,1
DA:97,2
DA:98,2
DA:99,1
DA:100,1
DA:103,1
DA:104,1
DA:105,1
DA:106,0
DA:108,0
DA:112,1
DA:116,1
DA:117,1
DA:118,1
DA:119,0
DA:120,0
DA:124,1
DA:128,1
DA:129,1
DA:130,1
DA:131,0
DA:132,0
DA:133,0
DA:134,0
LF:55
LH:46
end_of_record
SF:lib/loginpage.dart
DA:11,4
DA:12,4
DA:21,4
DA:23,4
DA:24,4
DA:25,4
DA:29,4
DA:30,4
DA:31,4
DA:37,4
DA:40,4
DA:41,4
DA:42,4
DA:43,4
DA:45,4
DA:48,4
DA:49,4
DA:50,4
DA:51,4
DA:54,4
DA:57,4
DA:58,4
DA:59,4
DA:60,4
DA:61,4
DA:67,1
DA:68,2
DA:73,2
DA:75,4
DA:76,4
DA:77,4
DA:78,4
DA:83,1
DA:84,3
DA:89,2
DA:92,4
DA:95,4
DA:96,4
DA:97,4
DA:98,4
DA:99,4
DA:100,1
DA:101,1
DA:102,5
DA:103,3
DA:104,5
DA:113,4
DA:114,4
DA:115,4
DA:116,1
DA:117,1
DA:119,1
DA:120,2
DA:126,4
DA:127,4
DA:128,4
DA:129,0
DA:130,0
DA:131,0
DA:133,0
DA:134,0
LF:61
LH:56
end_of_record
SF:lib/campaignview/viewcampaignpage.dart
DA:11,3
DA:12,3
DA:16,9
DA:19,3
DA:21,3
DA:23,3
DA:25,3
DA:26,9
DA:27,3
DA:28,3
DA:29,0
DA:33,3
DA:34,3
DA:37,0
DA:43,0
DA:44,0
DA:46,0
DA:47,0
DA:50,0
DA:54,0
DA:56,0
DA:58,0
DA:59,0
DA:60,0
DA:63,0
DA:68,0
DA:69,0
DA:70,0
DA:71,0
DA:72,0
DA:74,0
DA:75,0
DA:76,0
DA:79,0
DA:80,0
DA:81,0
DA:83,0
DA:84,0
DA:86,0
DA:87,0
DA:88,0
DA:89,0
DA:93,0
DA:94,0
DA:95,0
DA:96,0
DA:97,0
DA:98,0
DA:99,0
DA:100,0
DA:105,0
DA:106,0
DA:107,0
DA:108,0
DA:110,0
DA:111,0
DA:112,0
DA:116,0
DA:117,0
DA:118,0
DA:119,0
DA:120,0
DA:121,0
DA:122,0
DA:131,0
DA:132,0
DA:133,0
DA:134,0
DA:136,0
DA:137,0
DA:138,0
DA:141,0
DA:143,0
DA:147,0
DA:148,0
DA:149,0
DA:151,0
DA:153,0
DA:157,0
DA:159,0
DA:168,0
DA:169,0
DA:170,0
DA:172,0
DA:173,0
DA:174,0
DA:176,0
DA:187,0
DA:188,0
DA:190,0
DA:191,0
DA:193,0
DA:194,0
DA:195,0
DA:196,0
DA:197,0
DA:198,0
DA:199,0
DA:200,0
DA:201,0
DA:202,0
DA:203,0
DA:204,0
DA:205,0
DA:206,0
DA:207,0
DA:208,0
DA:209,0
DA:210,0
DA:211,0
DA:212,0
DA:213,0
DA:214,0
DA:215,0
DA:216,0
DA:217,0
DA:218,0
DA:219,0
DA:220,0
LF:119
LH:12
end_of_record
SF:lib/campaignview/viewmap.dart
DA:8,0
DA:9,0
DA:14,0
DA:16,0
DA:17,0
DA:18,0
DA:19,0
DA:20,0
DA:21,0
DA:22,0
DA:28,0
DA:29,0
DA:32,0
DA:33,0
DA:34,0
DA:35,0
DA:36,0
DA:37,0
DA:39,0
DA:42,0
DA:45,0
DA:46,0
LF:22
LH:0
end_of_record
SF:lib/characters/ability_scores_and_skills.dart
DA:9,0
DA:12,0
DA:13,0
DA:19,0
DA:20,0
DA:24,0
DA:26,0
DA:30,0
DA:31,0
DA:32,0
DA:33,0
DA:34,0
DA:37,0
DA:39,0
DA:40,0
DA:41,0
DA:48,0
DA:50,0
DA:54,0
DA:55,0
DA:56,0
DA:57,0
DA:60,0
DA:62,0
DA:63,0
DA:69,0
DA:73,0
DA:75,0
DA:76,0
DA:77,0
DA:78,0
DA:79,0
DA:80,0
DA:81,0
DA:84,0
DA:88,0
DA:89,0
DA:90,0
DA:91,0
DA:92,0
DA:93,0
DA:94,0
DA:95,0
DA:96,0
DA:97,0
DA:98,0
DA:99,0
DA:100,0
DA:101,0
DA:102,0
DA:103,0
DA:104,0
DA:105,0
DA:106,0
DA:110,0
DA:111,0
DA:117,0
DA:118,0
DA:120,0
DA:121,0
DA:125,0
DA:126,0
DA:127,0
DA:128,0
DA:129,0
DA:131,0
DA:132,0
DA:134,0
DA:135,0
DA:138,0
DA:139,0
DA:140,0
DA:142,0
DA:143,0
DA:144,0
DA:146,0
DA:147,0
DA:148,0
DA:150,0
DA:152,0
DA:153,0
DA:154,0
DA:155,0
DA:157,0
DA:158,0
DA:159,0
DA:162,0
DA:163,0
DA:164,0
DA:165,0
DA:168,0
DA:169,0
DA:177,0
DA:178,0
DA:179,0
DA:180,0
DA:185,0
LF:97
LH:0
end_of_record
SF:lib/characters/character_select.dart
DA:15,0
DA:16,0
DA:22,0
DA:23,0
DA:27,0
DA:30,0
DA:31,0
DA:33,0
DA:34,0
DA:39,0
DA:41,0
DA:43,0
DA:44,0
DA:45,0
DA:50,0
DA:52,0
DA:53,0
DA:54,0
DA:55,0
DA:56,0
DA:57,0
DA:59,0
DA:60,0
DA:62,0
DA:67,0
DA:68,0
DA:69,0
DA:71,0
DA:72,0
DA:74,0
DA:79,0
DA:89,0
DA:92,0
DA:93,0
DA:98,0
DA:100,0
DA:101,0
DA:102,0
DA:103,0
LF:39
LH:0
end_of_record
SF:lib/characters/character_sheet.dart
DA:13,0
DA:16,0
DA:17,0
DA:24,0
DA:32,0
DA:37,0
DA:38,0
DA:39,0
DA:40,0
DA:45,0
DA:46,0
DA:50,0
DA:56,0
DA:57,0
DA:58,0
DA:59,0
DA:60,0
DA:61,0
DA:62,0
DA:63,0
DA:64,0
DA:65,0
DA:66,0
DA:67,0
DA:69,0
DA:70,0
DA:72,0
DA:76,0
DA:77,0
DA:78,0
DA:80,0
DA:81,0
DA:83,0
DA:87,0
DA:88,0
DA:89,0
DA:91,0
DA:92,0
DA:94,0
DA:98,0
DA:99,0
DA:100,0
DA:103,0
DA:111,0
DA:113,0
DA:115,0
DA:117,0
DA:118,0
DA:119,0
DA:121,0
DA:123,0
DA:124,0
DA:125,0
DA:127,0
DA:128,0
DA:129,0
DA:130,0
DA:132,0
DA:133,0
LF:59
LH:0
end_of_record
SF:lib/createnewuserpage.dart
DA:10,2
DA:11,2
DA:20,2
DA:22,2
DA:23,2
DA:25,2
DA:26,2
DA:27,2
DA:33,2
DA:34,2
DA:35,2
DA:36,2
DA:40,2
DA:42,4
DA:43,2
DA:45,2
DA:47,2
DA:48,2
DA:50,1
DA:51,1
DA:56,0
DA:57,2
DA:59,2
DA:61,1
DA:62,1
DA:67,0
DA:68,2
DA:73,2
DA:75,3
DA:80,0
DA:81,2
DA:87,2
DA:89,1
DA:90,1
DA:95,2
DA:101,2
DA:102,4
DA:103,2
DA:104,2
DA:106,1
DA:107,3
DA:108,1
DA:110,1
DA:117,4
DA:128,1
DA:129,3
DA:131,0
DA:132,0
DA:133,0
DA:134,0
DA:135,0
DA:136,0
DA:137,0
DA:138,0
DA:140,0
DA:141,0
DA:143,0
DA:144,0
DA:145,0
LF:59
LH:43
end_of_record
SF:lib/services/authentication.dart
DA:9,1
DA:11,3
DA:12,0
DA:19,0
DA:21,0
DA:23,0
DA:28,2
DA:30,4
DA:35,0
DA:36,0
DA:40,0
DA:42,0
DA:43,0
DA:44,0
DA:45,0
DA:46,0
DA:47,0
LF:17
LH:4
end_of_record
SF:lib/rollpage.dart
DA:9,2
DA:10,2
DA:17,2
DA:19,2
DA:20,2
DA:21,0
DA:22,0
DA:23,0
DA:24,0
DA:25,0
DA:29,2
DA:30,0
DA:31,0
DA:32,0
DA:35,2
DA:38,2
DA:39,2
DA:40,2
DA:41,2
DA:42,2
DA:43,4
DA:44,2
DA:48,2
DA:49,2
DA:50,2
DA:52,2
DA:56,4
DA:65,0
DA:66,0
DA:67,0
DA:76,4
DA:78,2
DA:79,2
DA:94,2
DA:95,2
DA:97,2
DA:98,2
DA:99,2
DA:100,2
DA:102,2
DA:103,2
DA:104,2
DA:105,2
DA:106,2
DA:111,0
DA:112,0
DA:115,2
DA:117,2
DA:119,2
DA:122,2
DA:124,2
DA:125,2
DA:126,2
DA:127,2
DA:129,2
DA:131,2
DA:133,0
DA:134,0
DA:135,0
DA:136,0
DA:139,0
DA:140,0
DA:141,0
DA:142,0
DA:143,0
DA:148,4
DA:149,0
DA:152,0
DA:153,0
DA:154,0
DA:156,0
DA:158,0
DA:162,0
DA:163,0
DA:164,0
DA:169,2
DA:173,2
DA:175,2
DA:176,2
DA:177,2
DA:178,2
DA:180,2
DA:182,2
DA:184,0
DA:185,0
DA:186,0
DA:187,0
DA:190,0
DA:191,0
DA:192,0
DA:193,0
DA:194,0
DA:199,4
DA:200,0
DA:203,0
DA:204,0
DA:205,0
DA:207,0
DA:209,0
DA:213,0
DA:214,0
DA:215,0
DA:220,2
DA:224,2
DA:226,2
DA:227,2
DA:228,2
DA:229,2
DA:231,2
DA:233,2
DA:235,0
DA:236,0
DA:237,0
DA:238,0
DA:241,0
DA:242,0
DA:243,0
DA:244,0
DA:245,0
DA:253,4
DA:254,0
DA:257,0
DA:258,0
DA:259,0
DA:261,0
DA:263,0
DA:267,0
DA:268,0
DA:269,0
DA:274,2
DA:279,2
DA:281,2
DA:282,2
DA:283,2
DA:284,2
DA:286,2
DA:288,2
DA:290,0
DA:291,0
DA:292,0
DA:293,0
DA:296,0
DA:297,0
DA:298,0
DA:299,0
DA:300,0
DA:305,4
DA:306,0
DA:309,0
DA:310,0
DA:311,0
DA:313,0
DA:315,0
DA:319,0
DA:320,0
DA:321,0
DA:326,2
DA:330,2
DA:332,2
DA:333,2
DA:334,2
DA:335,2
DA:337,2
DA:339,2
DA:341,0
DA:342,0
DA:343,0
DA:344,0
DA:347,0
DA:348,0
DA:349,0
DA:350,0
DA:351,0
DA:356,4
DA:357,0
DA:360,0
DA:361,0
DA:362,0
DA:364,0
DA:366,0
DA:370,0
DA:371,0
DA:372,0
DA:377,2
DA:381,2
DA:382,2
DA:383,2
DA:384,2
DA:385,2
DA:386,2
DA:388,2
DA:390,2
DA:392,0
DA:393,0
DA:394,0
DA:395,0
DA:398,0
DA:399,0
DA:400,0
DA:401,0
DA:402,0
DA:407,4
DA:408,0
DA:411,0
DA:412,0
DA:413,0
DA:415,0
DA:417,0
DA:421,0
DA:422,0
DA:423,0
DA:428,2
DA:432,2
DA:433,2
DA:443,0
DA:444,0
DA:445,0
DA:447,0
DA:449,0
DA:451,0
DA:453,0
DA:455,0
DA:457,0
DA:459,0
DA:464,0
DA:465,0
DA:467,0
DA:468,0
DA:470,0
DA:471,0
DA:475,0
LF:231
LH:93
end_of_record
SF:lib/main.dart
DA:13,0
DA:23,2
DA:26,2
DA:27,4
DA:28,2
DA:29,2
DA:30,2
DA:33,2
DA:42,2
DA:43,2
DA:44,2
DA:45,2
LF:12
LH:11
end_of_record
SF:lib/services/roll.dart
DA:11,5
DA:13,1
DA:16,2
DA:17,0
DA:20,2
DA:21,5
DA:24,1
LF:7
LH:6
end_of_record
