SF:lib\characters\character_info.dart
DA:8,2
DA:9,2
DA:12,2
DA:13,2
DA:17,2
DA:19,4
DA:20,2
DA:22,4
DA:24,4
DA:25,0
DA:27,2
DA:32,2
DA:33,2
DA:34,2
DA:36,2
DA:37,2
DA:38,2
DA:41,2
DA:42,2
DA:43,2
DA:48,2
DA:49,2
DA:53,6
DA:54,4
DA:55,2
DA:57,4
DA:59,6
DA:60,6
DA:61,6
DA:62,2
DA:63,2
DA:65,4
DA:67,2
DA:69,4
DA:71,2
DA:73,4
DA:75,2
DA:77,4
DA:79,2
DA:81,4
DA:83,6
DA:85,2
DA:93,2
DA:95,2
DA:97,2
DA:99,2
DA:100,2
DA:101,2
DA:103,2
DA:105,2
DA:106,2
DA:107,2
DA:109,2
DA:110,2
LF:54
LH:53
end_of_record
SF:lib\characters\character_model.dart
DA:17,4
LF:1
LH:1
end_of_record
SF:lib\models\user_model.dart
DA:6,1
DA:8,0
DA:9,0
DA:20,2
LF:4
LH:2
end_of_record
SF:lib\services\stream.dart
DA:9,2
DA:10,2
DA:11,2
DA:12,4
DA:13,2
DA:14,2
DA:19,4
DA:21,4
DA:22,4
DA:28,0
DA:30,0
DA:31,0
DA:33,0
LF:13
LH:9
end_of_record
SF:lib\campaignview\campaign_info.dart
DA:9,1
DA:10,1
DA:17,3
DA:22,1
DA:24,1
DA:25,2
DA:28,1
DA:30,2
DA:31,1
DA:34,1
DA:37,2
DA:39,1
DA:40,1
DA:41,1
DA:45,0
DA:47,0
DA:49,0
DA:50,0
DA:55,0
DA:57,0
DA:59,0
DA:60,0
DA:61,0
DA:64,0
DA:66,0
DA:67,0
DA:68,0
DA:70,0
DA:76,0
DA:77,0
DA:78,0
DA:79,0
DA:89,0
DA:90,0
DA:91,0
DA:92,0
DA:93,0
DA:94,0
DA:95,0
DA:101,0
DA:102,0
DA:103,0
DA:104,0
DA:107,0
DA:108,0
DA:109,0
DA:110,0
DA:114,0
DA:118,0
DA:120,0
DA:121,0
DA:122,0
DA:123,0
DA:126,0
DA:127,0
DA:128,0
DA:136,0
DA:138,0
DA:139,0
DA:140,0
DA:142,0
DA:151,1
DA:153,1
DA:155,1
DA:156,1
DA:157,1
DA:158,1
DA:159,1
DA:160,1
DA:162,2
DA:164,1
DA:165,1
DA:166,2
DA:167,1
DA:171,1
DA:172,2
DA:173,1
DA:174,1
DA:175,1
DA:176,1
DA:177,1
DA:183,1
DA:184,2
DA:185,1
DA:187,1
DA:188,1
DA:189,1
DA:193,1
DA:194,2
DA:195,1
DA:196,1
DA:197,2
DA:198,1
LF:93
LH:46
end_of_record
SF:lib\characters\new_character.dart
DA:16,1
DA:17,1
DA:45,1
DA:46,1
DA:48,0
DA:49,0
DA:50,0
DA:51,0
DA:55,0
DA:56,1
DA:61,1
DA:62,1
DA:64,0
DA:65,0
DA:68,0
DA:69,1
DA:74,1
DA:76,1
DA:77,2
DA:78,1
DA:79,1
DA:80,1
DA:82,1
DA:84,1
DA:85,2
DA:86,2
DA:103,2
DA:104,2
DA:105,2
DA:106,2
DA:107,2
DA:108,2
DA:109,2
DA:110,2
LF:34
LH:26
end_of_record
SF:lib\authwrapper.dart
DA:10,3
DA:13,3
DA:16,3
DA:19,4
DA:21,1
DA:22,3
DA:23,1
DA:25,4
LF:8
LH:8
end_of_record
SF:lib\selectmodepage.dart
DA:12,6
DA:15,3
DA:16,3
DA:20,3
DA:22,3
DA:24,3
DA:26,3
DA:27,3
DA:28,3
DA:29,3
DA:31,3
DA:32,3
DA:33,1
DA:34,2
DA:35,1
DA:37,1
DA:38,1
DA:39,1
DA:40,1
DA:41,1
DA:42,1
DA:46,3
DA:47,3
DA:48,3
DA:55,3
DA:56,3
DA:59,3
DA:60,3
DA:61,3
DA:62,3
DA:63,3
DA:64,3
DA:65,1
DA:66,2
DA:67,1
DA:69,1
DA:70,1
DA:71,1
DA:73,1
DA:74,1
DA:76,1
DA:88,3
DA:89,3
DA:91,3
DA:92,3
DA:93,1
DA:94,2
DA:95,1
DA:98,1
DA:99,1
DA:100,1
DA:101,1
DA:102,1
DA:103,1
DA:107,3
DA:108,3
DA:109,3
DA:116,3
DA:117,3
DA:118,3
DA:119,3
DA:122,3
DA:123,3
DA:124,3
DA:125,3
DA:126,1
DA:127,2
DA:128,1
DA:131,1
DA:132,1
DA:133,1
DA:135,1
DA:136,1
DA:139,1
LF:74
LH:74
end_of_record
SF:lib\services\database.dart
DA:6,4
DA:11,4
DA:12,24
DA:15,0
DA:16,0
DA:17,0
DA:18,0
DA:19,0
DA:20,0
DA:21,0
LF:10
LH:3
end_of_record
SF:lib\loginpage.dart
DA:8,5
DA:9,5
DA:18,5
DA:20,5
DA:22,5
DA:23,5
DA:27,5
DA:28,5
DA:29,5
DA:35,5
DA:38,5
DA:39,5
DA:40,5
DA:41,5
DA:43,5
DA:46,5
DA:47,5
DA:48,5
DA:49,5
DA:52,5
DA:55,5
DA:56,5
DA:57,5
DA:58,5
DA:59,5
DA:65,1
DA:66,2
DA:71,2
DA:73,5
DA:74,5
DA:75,5
DA:76,5
DA:81,1
DA:82,3
DA:87,2
DA:90,5
DA:93,5
DA:94,5
DA:95,5
DA:96,5
DA:97,5
DA:98,1
DA:99,1
DA:100,4
DA:101,1
DA:103,3
DA:104,5
DA:112,5
DA:113,5
DA:114,5
DA:115,1
DA:116,1
DA:118,1
DA:119,1
DA:120,1
DA:122,1
DA:123,1
DA:125,1
LF:58
LH:58
end_of_record
SF:lib\campaignview\add_load_campaign_view.dart
DA:14,1
DA:16,1
DA:17,1
DA:21,1
DA:23,1
DA:24,1
DA:28,1
DA:29,2
DA:30,2
DA:32,0
DA:33,0
DA:37,1
DA:38,1
DA:39,1
DA:40,1
DA:41,1
DA:42,1
DA:43,1
DA:44,1
DA:45,1
DA:46,0
DA:48,1
DA:49,2
DA:51,0
DA:53,1
DA:55,1
DA:56,1
DA:61,1
DA:62,1
DA:64,1
DA:65,1
DA:66,1
DA:69,1
DA:70,3
DA:71,1
DA:73,1
DA:74,2
DA:75,1
DA:76,1
DA:77,3
DA:78,1
DA:80,1
DA:81,1
DA:82,1
DA:84,2
DA:85,1
DA:87,1
DA:88,1
DA:89,1
DA:94,1
LF:50
LH:46
end_of_record
SF:lib\custom_scaffold.dart
DA:18,6
DA:25,6
DA:26,6
DA:27,24
DA:37,6
DA:42,6
DA:44,6
DA:47,6
DA:51,6
DA:52,24
DA:53,6
DA:57,16
DA:60,12
DA:61,3
DA:62,12
DA:67,4
DA:68,4
DA:69,4
DA:72,4
DA:73,4
DA:74,4
DA:75,4
DA:79,1
DA:80,2
DA:81,1
DA:85,6
DA:86,6
DA:90,6
DA:91,6
DA:92,6
DA:94,6
DA:95,6
DA:96,4
DA:106,4
DA:108,4
DA:110,4
DA:111,4
DA:112,4
DA:119,6
DA:121,1
DA:122,1
DA:126,1
DA:128,1
DA:131,1
DA:133,1
DA:135,1
DA:137,1
DA:138,1
DA:140,2
DA:141,1
DA:142,1
DA:143,1
DA:144,1
DA:146,1
DA:147,1
DA:148,1
DA:149,1
DA:150,1
DA:152,2
DA:153,1
DA:157,1
DA:158,1
DA:159,1
DA:160,1
DA:161,1
DA:162,1
DA:163,2
DA:164,1
DA:166,1
DA:167,1
DA:168,1
DA:169,2
DA:170,1
DA:171,1
DA:172,1
DA:173,1
DA:178,1
DA:179,1
DA:180,1
DA:181,1
DA:182,1
DA:183,1
DA:184,2
DA:185,2
DA:186,1
DA:188,1
DA:189,2
DA:190,1
DA:191,1
DA:192,1
DA:194,1
DA:198,1
DA:199,1
DA:200,1
DA:201,1
DA:202,1
DA:203,1
DA:204,2
DA:205,1
DA:206,1
DA:208,1
DA:209,2
DA:210,1
DA:211,1
DA:212,1
LF:105
LH:105
end_of_record
SF:lib\campaignview\campaign_view.dart
DA:29,7
DA:33,2
DA:34,2
DA:35,2
DA:41,2
DA:43,2
DA:45,8
LF:7
LH:7
end_of_record
SF:lib\models\campaign_model.dart
DA:11,3
DA:20,0
DA:21,0
DA:22,0
DA:23,0
DA:24,0
DA:25,0
DA:26,0
DA:27,0
LF:9
LH:1
end_of_record
SF:lib\campaignview\encounter_view.dart
DA:7,1
DA:8,1
DA:14,1
DA:16,2
DA:17,1
DA:18,1
DA:19,2
DA:24,2
DA:25,2
DA:27,2
DA:29,1
DA:31,2
DA:32,2
DA:34,2
DA:35,2
DA:36,2
DA:39,2
DA:40,2
DA:41,1
DA:42,1
DA:44,1
DA:45,1
DA:46,1
DA:47,2
DA:48,1
LF:25
LH:25
end_of_record
SF:lib\campaignview\map_view.dart
DA:7,1
DA:8,1
DA:14,1
DA:16,2
DA:17,1
DA:18,3
DA:22,2
DA:25,2
DA:27,1
DA:29,2
DA:30,2
DA:32,2
DA:33,2
DA:34,2
DA:38,2
DA:41,2
DA:42,2
LF:17
LH:17
end_of_record
SF:lib\campaignview\party_view.dart
DA:7,1
DA:8,1
DA:14,1
DA:17,2
DA:18,1
DA:19,1
DA:20,2
DA:25,2
DA:26,2
DA:28,2
DA:30,1
DA:32,2
DA:33,2
DA:35,2
DA:36,2
DA:37,2
DA:40,2
DA:41,2
DA:42,1
DA:43,1
DA:45,1
DA:46,1
DA:47,1
DA:48,1
DA:50,3
LF:25
LH:25
end_of_record
SF:lib\characters\ability_scores_and_skills.dart
DA:5,2
DA:6,6
DA:10,2
DA:12,2
DA:17,2
DA:18,2
DA:19,2
DA:20,2
DA:21,2
DA:23,2
DA:32,2
DA:34,2
DA:35,4
DA:36,2
DA:43,2
DA:45,2
DA:46,2
DA:47,4
DA:48,2
DA:57,2
DA:58,2
DA:59,2
DA:60,2
DA:65,2
DA:67,2
DA:70,2
DA:73,2
DA:74,2
DA:75,2
DA:77,2
DA:78,2
DA:79,2
DA:80,2
DA:87,2
DA:89,2
DA:90,2
DA:91,2
DA:100,2
DA:101,2
DA:102,2
DA:110,2
DA:111,2
DA:114,2
DA:115,2
DA:119,2
DA:121,4
DA:123,2
DA:124,2
DA:125,2
DA:126,2
DA:127,2
DA:128,2
DA:129,2
DA:132,2
DA:136,2
DA:137,2
DA:138,2
DA:139,2
DA:140,2
DA:141,2
DA:142,2
DA:143,2
DA:144,2
DA:145,2
DA:146,2
DA:147,2
DA:148,2
DA:149,2
DA:150,2
DA:151,2
DA:152,2
DA:153,2
DA:154,2
DA:159,2
DA:160,2
DA:170,2
DA:171,2
DA:172,2
DA:174,2
DA:183,2
DA:184,2
DA:188,4
DA:189,6
DA:191,2
DA:192,4
DA:193,4
DA:195,2
DA:196,2
DA:198,6
DA:201,2
DA:202,2
DA:204,6
DA:205,2
DA:206,2
DA:207,2
DA:213,2
DA:214,2
DA:220,2
DA:221,2
DA:222,2
DA:223,2
DA:224,2
DA:225,2
DA:235,4
DA:236,4
DA:237,4
DA:238,2
DA:239,2
DA:241,8
DA:245,0
DA:246,0
DA:247,0
DA:248,0
DA:257,2
DA:258,2
DA:260,2
DA:264,2
DA:265,2
DA:266,2
DA:268,2
DA:269,2
DA:270,2
DA:273,2
DA:278,2
LF:124
LH:120
end_of_record
SF:lib\characters\character_select.dart
DA:13,1
DA:14,1
DA:18,1
DA:20,2
DA:22,1
DA:23,1
DA:24,2
DA:25,1
DA:26,1
DA:29,1
DA:31,1
DA:32,0
DA:33,0
DA:35,0
DA:36,0
DA:37,0
DA:38,0
DA:41,0
DA:43,0
DA:44,0
DA:45,0
DA:52,0
DA:55,1
DA:56,0
DA:57,1
DA:58,1
DA:65,2
DA:66,2
DA:70,2
DA:71,2
DA:75,2
DA:77,4
DA:78,2
DA:80,1
DA:81,5
DA:82,1
DA:83,1
LF:37
LH:25
end_of_record
SF:lib\characters\character_view.dart
DA:15,1
DA:16,1
DA:19,1
DA:20,1
DA:44,1
DA:46,2
DA:48,1
DA:49,1
DA:50,1
DA:51,1
DA:52,2
DA:54,1
DA:57,1
LF:13
LH:13
end_of_record
SF:lib\characters\character_service.dart
DA:6,1
DA:8,0
DA:9,0
DA:10,0
DA:11,0
DA:12,0
DA:13,0
DA:14,0
DA:15,0
DA:16,0
DA:17,0
DA:18,0
DA:19,0
DA:20,0
DA:21,0
DA:22,0
DA:23,0
DA:24,0
DA:27,0
DA:30,1
DA:31,1
DA:32,1
DA:33,2
DA:34,1
DA:35,2
LF:25
LH:7
end_of_record
SF:lib\characters\combat.dart
DA:5,2
DA:6,2
DA:10,2
DA:12,2
LF:4
LH:4
end_of_record
SF:lib\characters\inventory.dart
DA:7,2
DA:8,2
DA:11,2
DA:12,2
DA:16,2
DA:18,4
DA:19,2
DA:20,2
DA:22,4
DA:23,2
DA:24,2
DA:26,2
DA:29,2
DA:30,2
DA:31,2
DA:33,2
DA:34,2
DA:35,2
DA:38,2
DA:40,2
DA:41,2
DA:42,2
DA:44,2
DA:45,6
DA:46,2
DA:52,0
LF:26
LH:25
end_of_record
SF:lib\createnewuserpage.dart
DA:7,2
DA:8,2
DA:17,2
DA:19,2
DA:20,2
DA:25,2
DA:27,2
DA:28,2
DA:29,2
DA:35,2
DA:36,2
DA:37,2
DA:38,2
DA:42,2
DA:44,4
DA:45,2
DA:47,2
DA:49,2
DA:50,2
DA:51,2
DA:53,1
DA:54,1
DA:59,0
DA:60,2
DA:62,2
DA:64,1
DA:65,1
DA:70,0
DA:71,2
DA:76,2
DA:78,3
DA:83,0
DA:84,2
DA:90,2
DA:92,1
DA:93,1
DA:94,1
DA:98,2
DA:104,2
DA:105,4
DA:106,2
DA:107,2
DA:108,2
DA:110,1
DA:111,3
DA:112,1
DA:114,1
DA:121,4
DA:132,1
DA:133,3
DA:135,0
DA:136,0
DA:137,0
DA:138,0
DA:139,0
DA:140,0
DA:141,0
DA:142,0
DA:144,0
DA:145,0
DA:147,0
DA:148,0
DA:149,0
LF:63
LH:47
end_of_record
SF:lib\rollpage.dart
DA:12,2
DA:13,2
DA:24,2
DA:26,2
DA:27,2
DA:33,2
DA:34,2
DA:35,1
DA:36,2
DA:37,2
DA:38,1
DA:39,2
DA:43,2
DA:44,2
DA:45,1
DA:46,2
DA:47,2
DA:50,2
DA:53,2
DA:54,2
DA:55,2
DA:56,2
DA:57,2
DA:58,2
DA:59,2
DA:63,2
DA:64,2
DA:65,2
DA:67,2
DA:71,4
DA:80,1
DA:81,2
DA:91,4
DA:93,2
DA:94,2
DA:109,2
DA:110,2
DA:112,2
DA:113,2
DA:114,2
DA:115,2
DA:117,2
DA:118,2
DA:119,2
DA:120,2
DA:121,2
DA:122,2
DA:127,1
DA:128,1
DA:131,2
DA:133,2
DA:135,2
DA:138,2
DA:139,2
DA:141,2
DA:142,2
DA:143,2
DA:144,2
DA:146,2
DA:148,2
DA:150,1
DA:151,2
DA:152,2
DA:153,2
DA:156,1
DA:157,2
DA:158,2
DA:159,2
DA:160,2
DA:165,4
DA:166,1
DA:169,1
DA:170,1
DA:171,1
DA:173,1
DA:175,1
DA:179,1
DA:180,2
DA:181,1
DA:186,2
DA:190,2
DA:192,2
DA:193,2
DA:194,2
DA:195,2
DA:196,2
DA:198,2
DA:200,2
DA:202,1
DA:203,2
DA:204,2
DA:205,2
DA:208,1
DA:209,2
DA:210,2
DA:211,2
DA:212,2
DA:217,4
DA:218,1
DA:221,1
DA:222,1
DA:223,1
DA:225,1
DA:227,1
DA:231,1
DA:232,2
DA:233,1
DA:238,2
DA:242,2
DA:244,2
DA:245,2
DA:246,2
DA:247,2
DA:248,2
DA:250,2
DA:252,2
DA:254,1
DA:255,2
DA:256,2
DA:257,2
DA:260,1
DA:261,2
DA:262,2
DA:263,2
DA:264,2
DA:272,4
DA:273,1
DA:276,1
DA:277,1
DA:278,1
DA:280,1
DA:282,1
DA:286,1
DA:287,2
DA:288,1
DA:293,2
DA:298,2
DA:300,2
DA:301,2
DA:302,2
DA:303,2
DA:304,2
DA:306,2
DA:308,2
DA:310,1
DA:311,2
DA:312,2
DA:313,2
DA:316,1
DA:317,2
DA:318,2
DA:319,2
DA:320,2
DA:325,4
DA:326,1
DA:329,1
DA:330,1
DA:331,1
DA:333,1
DA:335,1
DA:339,1
DA:340,2
DA:341,1
DA:346,2
DA:350,2
DA:351,2
DA:353,2
DA:354,2
DA:355,2
DA:356,2
DA:358,2
DA:360,2
DA:362,1
DA:363,2
DA:364,2
DA:365,2
DA:368,1
DA:369,2
DA:370,2
DA:371,2
DA:372,2
DA:377,4
DA:378,1
DA:381,1
DA:382,1
DA:383,1
DA:385,1
DA:387,1
DA:391,1
DA:392,2
DA:393,1
DA:398,2
DA:402,2
DA:403,2
DA:404,2
DA:405,2
DA:406,2
DA:407,2
DA:408,2
DA:410,2
DA:412,2
DA:414,1
DA:415,2
DA:416,2
DA:417,2
DA:420,1
DA:421,2
DA:422,2
DA:423,2
DA:424,2
DA:429,4
DA:430,1
DA:433,1
DA:434,1
DA:435,1
DA:437,1
DA:439,1
DA:443,1
DA:444,2
DA:445,1
DA:450,2
DA:454,2
DA:455,2
DA:465,1
DA:466,2
DA:467,1
DA:469,5
DA:471,5
DA:473,5
DA:475,5
DA:477,5
DA:479,5
DA:481,5
DA:486,2
DA:487,0
DA:489,2
DA:490,0
DA:492,2
DA:493,0
DA:497,4
LF:240
LH:237
end_of_record
SF:lib\services\authentication.dart
DA:7,1
DA:9,2
DA:10,1
DA:11,0
DA:18,1
DA:20,3
DA:22,0
DA:27,0
DA:29,0
DA:32,5
DA:33,20
DA:36,0
DA:37,0
LF:13
LH:7
end_of_record
SF:lib\services\vibrate.dart
DA:5,1
DA:6,1
DA:7,2
DA:8,1
DA:9,2
DA:10,1
DA:11,2
DA:12,1
DA:13,2
DA:14,1
DA:15,2
DA:16,1
DA:19,2
DA:20,2
DA:21,4
DA:22,2
DA:23,4
DA:24,2
DA:25,4
DA:26,2
DA:27,2
DA:28,4
DA:29,2
DA:30,4
DA:31,2
DA:32,4
DA:33,2
DA:34,2
DA:35,4
DA:36,2
DA:37,4
DA:38,2
DA:39,4
DA:40,2
DA:43,1
DA:44,1
DA:45,2
DA:46,1
DA:47,2
DA:48,1
DA:49,2
DA:50,1
DA:51,2
DA:52,1
DA:53,2
DA:54,1
DA:55,2
DA:56,1
DA:57,2
DA:58,1
DA:59,2
DA:60,1
DA:61,2
DA:62,1
DA:63,2
DA:64,1
DA:65,2
DA:66,1
DA:67,2
DA:68,1
DA:69,2
DA:70,1
DA:71,2
DA:72,1
DA:73,2
DA:74,1
DA:75,2
DA:76,1
DA:77,2
DA:78,1
DA:79,2
DA:80,1
DA:81,2
DA:82,1
DA:83,2
DA:84,1
DA:85,2
DA:86,1
DA:87,2
DA:88,1
DA:89,2
DA:90,1
DA:91,2
DA:92,1
DA:93,2
DA:94,1
DA:95,2
DA:96,1
DA:97,2
DA:98,1
DA:99,2
DA:100,1
LF:92
LH:92
end_of_record
SF:lib\services\roll.dart
DA:10,1
DA:11,4
DA:13,3
DA:17,5
DA:18,1
DA:22,3
DA:23,5
DA:26,2
LF:8
LH:8
end_of_record
SF:lib\main.dart
DA:10,0
DA:11,0
DA:12,0
DA:23,2
DA:26,2
DA:27,4
DA:28,2
DA:30,2
DA:31,2
DA:34,2
DA:43,2
DA:45,2
DA:46,2
DA:47,2
LF:14
LH:11
end_of_record
